This is pdfTeX, Version 3.14159265-2.6-1.40.20 (MiKTeX 2.9.7000 64-bit) (preloaded format=pdflatex 2019.4.22)  24 APR 2019 21:13
entering extended mode
**./final_report.tex
(final_report.tex
LaTeX2e <2018-12-01>

("C:\Users\ValkCoen\AppData\Local\Programs\MiKTeX 2.9\tex/latex/base\article.cl
s"
Document Class: article 2018/09/03 v1.4i Standard LaTeX document class
("C:\Users\ValkCoen\AppData\Local\Programs\MiKTeX 2.9\tex/latex/base\size10.clo
"
File: size10.clo 2018/09/03 v1.4i Standard LaTeX file (size option)
)
\c@part=\count80
\c@section=\count81
\c@subsection=\count82
\c@subsubsection=\count83
\c@paragraph=\count84
\c@subparagraph=\count85
\c@figure=\count86
\c@table=\count87
\abovecaptionskip=\skip41
\belowcaptionskip=\skip42
\bibindent=\dimen102
)
("C:\Users\ValkCoen\AppData\Local\Programs\MiKTeX 2.9\tex/latex/tools\multicol.
sty"
Package: multicol 2018/12/27 v1.8v multicolumn formatting (FMi)
\c@tracingmulticols=\count88
\mult@box=\box27
\multicol@leftmargin=\dimen103
\c@unbalance=\count89
\c@collectmore=\count90
\doublecol@number=\count91
\multicoltolerance=\count92
\multicolpretolerance=\count93
\full@width=\dimen104
\page@free=\dimen105
\premulticols=\dimen106
\postmulticols=\dimen107
\multicolsep=\skip43
\multicolbaselineskip=\skip44
\partial@page=\box28
\last@line=\box29
\maxbalancingoverflow=\dimen108
\mult@rightbox=\box30
\mult@grightbox=\box31
\mult@gfirstbox=\box32
\mult@firstbox=\box33
\@tempa=\box34
\@tempa=\box35
\@tempa=\box36
\@tempa=\box37
\@tempa=\box38
\@tempa=\box39
\@tempa=\box40
\@tempa=\box41
\@tempa=\box42
\@tempa=\box43
\@tempa=\box44
\@tempa=\box45
\@tempa=\box46
\@tempa=\box47
\@tempa=\box48
\@tempa=\box49
\@tempa=\box50
\c@columnbadness=\count94
\c@finalcolumnbadness=\count95
\last@try=\dimen109
\multicolovershoot=\dimen110
\multicolundershoot=\dimen111
\mult@nat@firstbox=\box51
\colbreak@box=\box52
\mc@col@check@num=\count96
)
("C:\Users\ValkCoen\AppData\Local\Programs\MiKTeX 2.9\tex/latex/base\inputenc.s
ty"
Package: inputenc 2018/08/11 v1.3c Input encoding file
\inpenc@prehook=\toks14
\inpenc@posthook=\toks15
)
("C:\Users\ValkCoen\AppData\Local\Programs\MiKTeX 2.9\tex/latex/amsmath\amsmath
.sty"
Package: amsmath 2018/12/01 v2.17b AMS math features
\@mathmargin=\skip45

For additional information on amsmath, use the `?' option.

("C:\Users\ValkCoen\AppData\Local\Programs\MiKTeX 2.9\tex/latex/amsmath\amstext
.sty"
Package: amstext 2000/06/29 v2.01 AMS text

("C:\Users\ValkCoen\AppData\Local\Programs\MiKTeX 2.9\tex/latex/amsmath\amsgen.
sty"
File: amsgen.sty 1999/11/30 v2.0 generic functions
\@emptytoks=\toks16
\ex@=\dimen112
))
("C:\Users\ValkCoen\AppData\Local\Programs\MiKTeX 2.9\tex/latex/amsmath\amsbsy.
sty"
Package: amsbsy 1999/11/29 v1.2d Bold Symbols
\pmbraise@=\dimen113
)
("C:\Users\ValkCoen\AppData\Local\Programs\MiKTeX 2.9\tex/latex/amsmath\amsopn.
sty"
Package: amsopn 2016/03/08 v2.02 operator names
)
\inf@bad=\count97
LaTeX Info: Redefining \frac on input line 223.
\uproot@=\count98
\leftroot@=\count99
LaTeX Info: Redefining \overline on input line 385.
\classnum@=\count100
\DOTSCASE@=\count101
LaTeX Info: Redefining \ldots on input line 482.
LaTeX Info: Redefining \dots on input line 485.
LaTeX Info: Redefining \cdots on input line 606.
\Mathstrutbox@=\box53
\strutbox@=\box54
\big@size=\dimen114
LaTeX Font Info:    Redeclaring font encoding OML on input line 729.
LaTeX Font Info:    Redeclaring font encoding OMS on input line 730.
\macc@depth=\count102
\c@MaxMatrixCols=\count103
\dotsspace@=\muskip10
\c@parentequation=\count104
\dspbrk@lvl=\count105
\tag@help=\toks17
\row@=\count106
\column@=\count107
\maxfields@=\count108
\andhelp@=\toks18
\eqnshift@=\dimen115
\alignsep@=\dimen116
\tagshift@=\dimen117
\tagwidth@=\dimen118
\totwidth@=\dimen119
\lineht@=\dimen120
\@envbody=\toks19
\multlinegap=\skip46
\multlinetaggap=\skip47
\mathdisplay@stack=\toks20
LaTeX Info: Redefining \[ on input line 2844.
LaTeX Info: Redefining \] on input line 2845.
)
("C:\Users\ValkCoen\AppData\Local\Programs\MiKTeX 2.9\tex/latex/lipsum\lipsum.s
ty"
("C:\Users\ValkCoen\AppData\Local\Programs\MiKTeX 2.9\tex/latex/l3kernel\expl3.
sty"
Package: expl3 2019-04-21 L3 programming layer (loader) 

("C:\Users\ValkCoen\AppData\Local\Programs\MiKTeX 2.9\tex/latex/l3kernel\expl3-
code.tex"
Package: expl3 2019-04-21 L3 programming layer (code)
\c_max_int=\count109
\l_tmpa_int=\count110
\l_tmpb_int=\count111
\g_tmpa_int=\count112
\g_tmpb_int=\count113
\g__kernel_prg_map_int=\count114
\c__ior_term_ior=\count115
\c_log_iow=\count116
\l_iow_line_count_int=\count117
\l__iow_line_target_int=\count118
\l__iow_one_indent_int=\count119
\l__iow_indent_int=\count120
\c_zero_dim=\dimen121
\c_max_dim=\dimen122
\l_tmpa_dim=\dimen123
\l_tmpb_dim=\dimen124
\g_tmpa_dim=\dimen125
\g_tmpb_dim=\dimen126
\c_zero_skip=\skip48
\c_max_skip=\skip49
\l_tmpa_skip=\skip50
\l_tmpb_skip=\skip51
\g_tmpa_skip=\skip52
\g_tmpb_skip=\skip53
\c_zero_muskip=\muskip11
\c_max_muskip=\muskip12
\l_tmpa_muskip=\muskip13
\l_tmpb_muskip=\muskip14
\g_tmpa_muskip=\muskip15
\g_tmpb_muskip=\muskip16
\l_keys_choice_int=\count121
\l__intarray_loop_int=\count122
\c__intarray_sp_dim=\dimen127
\g__intarray_font_int=\count123
\c__fp_leading_shift_int=\count124
\c__fp_middle_shift_int=\count125
\c__fp_trailing_shift_int=\count126
\c__fp_big_leading_shift_int=\count127
\c__fp_big_middle_shift_int=\count128
\c__fp_big_trailing_shift_int=\count129
\c__fp_Bigg_leading_shift_int=\count130
\c__fp_Bigg_middle_shift_int=\count131
\c__fp_Bigg_trailing_shift_int=\count132
\c__kernel_randint_max_int=\count133
\g__fp_array_int=\count134
\l__fp_array_loop_int=\count135
\l__sort_length_int=\count136
\l__sort_min_int=\count137
\l__sort_top_int=\count138
\l__sort_max_int=\count139
\l__sort_true_max_int=\count140
\l__sort_block_int=\count141
\l__sort_begin_int=\count142
\l__sort_end_int=\count143
\l__sort_A_int=\count144
\l__sort_B_int=\count145
\l__sort_C_int=\count146
\l__tl_analysis_normal_int=\count147
\l__tl_analysis_index_int=\count148
\l__tl_analysis_nesting_int=\count149
\l__tl_analysis_type_int=\count150
\l__regex_internal_a_int=\count151
\l__regex_internal_b_int=\count152
\l__regex_internal_c_int=\count153
\l__regex_balance_int=\count154
\l__regex_group_level_int=\count155
\l__regex_mode_int=\count156
\c__regex_cs_in_class_mode_int=\count157
\c__regex_cs_mode_int=\count158
\l__regex_catcodes_int=\count159
\l__regex_default_catcodes_int=\count160
\c__regex_catcode_D_int=\count161
\c__regex_catcode_S_int=\count162
\c__regex_catcode_L_int=\count163
\c__regex_catcode_O_int=\count164
\c__regex_catcode_A_int=\count165
\c__regex_all_catcodes_int=\count166
\l__regex_show_lines_int=\count167
\l__regex_min_state_int=\count168
\l__regex_max_state_int=\count169
\l__regex_left_state_int=\count170
\l__regex_right_state_int=\count171
\l__regex_capturing_group_int=\count172
\l__regex_min_pos_int=\count173
\l__regex_max_pos_int=\count174
\l__regex_curr_pos_int=\count175
\l__regex_start_pos_int=\count176
\l__regex_success_pos_int=\count177
\l__regex_curr_char_int=\count178
\l__regex_curr_catcode_int=\count179
\l__regex_last_char_int=\count180
\l__regex_case_changed_char_int=\count181
\l__regex_curr_state_int=\count182
\l__regex_step_int=\count183
\l__regex_min_active_int=\count184
\l__regex_max_active_int=\count185
\l__regex_replacement_csnames_int=\count186
\l__regex_match_count_int=\count187
\l__regex_min_submatch_int=\count188
\l__regex_submatch_int=\count189
\l__regex_zeroth_submatch_int=\count190
\g__regex_trace_regex_int=\count191
\c_empty_box=\box55
\l_tmpa_box=\box56
\l_tmpb_box=\box57
\g_tmpa_box=\box58
\g_tmpb_box=\box59
\l__box_top_dim=\dimen128
\l__box_bottom_dim=\dimen129
\l__box_left_dim=\dimen130
\l__box_right_dim=\dimen131
\l__box_top_new_dim=\dimen132
\l__box_bottom_new_dim=\dimen133
\l__box_left_new_dim=\dimen134
\l__box_right_new_dim=\dimen135
\l__box_internal_box=\box60
\l__coffin_internal_box=\box61
\l__coffin_internal_dim=\dimen136
\l__coffin_offset_x_dim=\dimen137
\l__coffin_offset_y_dim=\dimen138
\l__coffin_x_dim=\dimen139
\l__coffin_y_dim=\dimen140
\l__coffin_x_prime_dim=\dimen141
\l__coffin_y_prime_dim=\dimen142
\c_empty_coffin=\box62
\l__coffin_aligned_coffin=\box63
\l__coffin_aligned_internal_coffin=\box64
\l_tmpa_coffin=\box65
\l_tmpb_coffin=\box66
\g_tmpa_coffin=\box67
\g_tmpb_coffin=\box68
\l__coffin_bounding_shift_dim=\dimen143
\l__coffin_left_corner_dim=\dimen144
\l__coffin_right_corner_dim=\dimen145
\l__coffin_bottom_corner_dim=\dimen146
\l__coffin_top_corner_dim=\dimen147
\l__coffin_scaled_total_height_dim=\dimen148
\l__coffin_scaled_width_dim=\dimen149
\c__coffin_empty_coffin=\box69
\l__coffin_display_coffin=\box70
\l__coffin_display_coord_coffin=\box71
\l__coffin_display_pole_coffin=\box72
\l__coffin_display_offset_dim=\dimen150
\l__coffin_display_x_dim=\dimen151
\l__coffin_display_y_dim=\dimen152
\g__file_internal_ior=\read1
\l__seq_internal_a_int=\count192
\l__seq_internal_b_int=\count193
\c__deprecation_minus_one=\count194
)
("C:\Users\ValkCoen\AppData\Local\Programs\MiKTeX 2.9\tex/latex/l3kernel\l3pdfm
ode.def"
File: l3pdfmode.def 2019-04-06 v L3 Experimental driver: PDF mode
\l__driver_color_stack_int=\count195
))
("C:\Users\ValkCoen\AppData\Local\Programs\MiKTeX 2.9\tex/latex/l3packages/xpar
se\xparse.sty"
Package: xparse 2019-03-05 L3 Experimental document command parser
\l__xparse_current_arg_int=\count196
\g__xparse_grabber_int=\count197
\l__xparse_m_args_int=\count198
\l__xparse_v_nesting_int=\count199
)
Package: lipsum 2019/01/02 v2.2 150 paragraphs of Lorem Ipsum dummy text

("C:\Users\ValkCoen\AppData\Local\Programs\MiKTeX 2.9\tex/latex/lipsum\lipsum.l
td.tex"
File: lipsum.ltd.tex 2019/01/02 v2.2 The Lorem ipsum dummy text
))
("C:\Users\ValkCoen\AppData\Local\Programs\MiKTeX 2.9\tex/latex/amsfonts\amsfon
ts.sty"
Package: amsfonts 2013/01/14 v3.01 Basic AMSFonts support
\symAMSa=\mathgroup4
\symAMSb=\mathgroup5
LaTeX Font Info:    Overwriting math alphabet `\mathfrak' in version `bold'
(Font)                  U/euf/m/n --> U/euf/b/n on input line 106.
)
("C:\Users\ValkCoen\AppData\Local\Programs\MiKTeX 2.9\tex/latex/amsfonts\amssym
b.sty"
Package: amssymb 2013/01/14 v3.01 AMS font symbols
)
("C:\Users\ValkCoen\AppData\Local\Programs\MiKTeX 2.9\tex/latex/graphics\graphi
cx.sty"
Package: graphicx 2017/06/01 v1.1a Enhanced LaTeX Graphics (DPC,SPQR)

("C:\Users\ValkCoen\AppData\Local\Programs\MiKTeX 2.9\tex/latex/graphics\keyval
.sty"
Package: keyval 2014/10/28 v1.15 key=value parser (DPC)
\KV@toks@=\toks21
)
("C:\Users\ValkCoen\AppData\Local\Programs\MiKTeX 2.9\tex/latex/graphics\graphi
cs.sty"
Package: graphics 2017/06/25 v1.2c Standard LaTeX Graphics (DPC,SPQR)

("C:\Users\ValkCoen\AppData\Local\Programs\MiKTeX 2.9\tex/latex/graphics\trig.s
ty"
Package: trig 2016/01/03 v1.10 sin cos tan (DPC)
)
("C:\Users\ValkCoen\AppData\Local\Programs\MiKTeX 2.9\tex/latex/graphics-cfg\gr
aphics.cfg"
File: graphics.cfg 2016/06/04 v1.11 sample graphics configuration
)
Package graphics Info: Driver file: pdftex.def on input line 99.

("C:\Users\ValkCoen\AppData\Local\Programs\MiKTeX 2.9\tex/latex/graphics-def\pd
ftex.def"
File: pdftex.def 2018/01/08 v1.0l Graphics/color driver for pdftex
))
\Gin@req@height=\dimen153
\Gin@req@width=\dimen154
)
("C:\Users\ValkCoen\AppData\Local\Programs\MiKTeX 2.9\tex/latex/geometry\geomet
ry.sty"
Package: geometry 2018/04/16 v5.8 Page Geometry

("C:\Users\ValkCoen\AppData\Local\Programs\MiKTeX 2.9\tex/generic/oberdiek\ifpd
f.sty"
Package: ifpdf 2018/09/07 v3.3 Provides the ifpdf switch
)
("C:\Users\ValkCoen\AppData\Local\Programs\MiKTeX 2.9\tex/generic/oberdiek\ifvt
ex.sty"
Package: ifvtex 2016/05/16 v1.6 Detect VTeX and its facilities (HO)
Package ifvtex Info: VTeX not detected.
)
("C:\Users\ValkCoen\AppData\Local\Programs\MiKTeX 2.9\tex/generic/ifxetex\ifxet
ex.sty"
Package: ifxetex 2010/09/12 v0.6 Provides ifxetex conditional
)
\Gm@cnth=\count266
\Gm@cntv=\count267
\c@Gm@tempcnt=\count268
\Gm@bindingoffset=\dimen155
\Gm@wd@mp=\dimen156
\Gm@odd@mp=\dimen157
\Gm@even@mp=\dimen158
\Gm@layoutwidth=\dimen159
\Gm@layoutheight=\dimen160
\Gm@layouthoffset=\dimen161
\Gm@layoutvoffset=\dimen162
\Gm@dimlist=\toks22

("C:\Users\ValkCoen\AppData\Local\Programs\MiKTeX 2.9\tex/latex/geometry\geomet
ry.cfg")) (final_report.aux)
\openout1 = `final_report.aux'.

LaTeX Font Info:    Checking defaults for OML/cmm/m/it on input line 11.
LaTeX Font Info:    ... okay on input line 11.
LaTeX Font Info:    Checking defaults for T1/cmr/m/n on input line 11.
LaTeX Font Info:    ... okay on input line 11.
LaTeX Font Info:    Checking defaults for OT1/cmr/m/n on input line 11.
LaTeX Font Info:    ... okay on input line 11.
LaTeX Font Info:    Checking defaults for OMS/cmsy/m/n on input line 11.
LaTeX Font Info:    ... okay on input line 11.
LaTeX Font Info:    Checking defaults for OMX/cmex/m/n on input line 11.
LaTeX Font Info:    ... okay on input line 11.
LaTeX Font Info:    Checking defaults for U/cmr/m/n on input line 11.
LaTeX Font Info:    ... okay on input line 11.

("C:\Users\ValkCoen\AppData\Local\Programs\MiKTeX 2.9\tex/context/base/mkii\sup
p-pdf.mkii"
[Loading MPS to PDF converter (version 2006.09.02).]
\scratchcounter=\count269
\scratchdimen=\dimen163
\scratchbox=\box73
\nofMPsegments=\count270
\nofMParguments=\count271
\everyMPshowfont=\toks23
\MPscratchCnt=\count272
\MPscratchDim=\dimen164
\MPnumerator=\count273
\makeMPintoPDFobject=\count274
\everyMPtoPDFconversion=\toks24
)
("C:\Users\ValkCoen\AppData\Local\Programs\MiKTeX 2.9\tex/latex/oberdiek\epstop
df-base.sty"
Package: epstopdf-base 2016/05/15 v2.6 Base part for package epstopdf

("C:\Users\ValkCoen\AppData\Local\Programs\MiKTeX 2.9\tex/generic/oberdiek\infw
arerr.sty"
Package: infwarerr 2016/05/16 v1.4 Providing info/warning/error messages (HO)
)
("C:\Users\ValkCoen\AppData\Local\Programs\MiKTeX 2.9\tex/latex/oberdiek\grfext
.sty"
Package: grfext 2016/05/16 v1.2 Manage graphics extensions (HO)

("C:\Users\ValkCoen\AppData\Local\Programs\MiKTeX 2.9\tex/generic/oberdiek\kvde
finekeys.sty"
Package: kvdefinekeys 2016/05/16 v1.4 Define keys (HO)

("C:\Users\ValkCoen\AppData\Local\Programs\MiKTeX 2.9\tex/generic/oberdiek\ltxc
mds.sty"
Package: ltxcmds 2016/05/16 v1.23 LaTeX kernel commands for general use (HO)
)))
("C:\Users\ValkCoen\AppData\Local\Programs\MiKTeX 2.9\tex/latex/oberdiek\kvopti
ons.sty"
Package: kvoptions 2016/05/16 v3.12 Key value format for package options (HO)

("C:\Users\ValkCoen\AppData\Local\Programs\MiKTeX 2.9\tex/generic/oberdiek\kvse
tkeys.sty"
Package: kvsetkeys 2016/05/16 v1.17 Key value parser (HO)

("C:\Users\ValkCoen\AppData\Local\Programs\MiKTeX 2.9\tex/generic/oberdiek\etex
cmds.sty"
Package: etexcmds 2016/05/16 v1.6 Avoid name clashes with e-TeX commands (HO)

("C:\Users\ValkCoen\AppData\Local\Programs\MiKTeX 2.9\tex/generic/oberdiek\iflu
atex.sty"
Package: ifluatex 2016/05/16 v1.4 Provides the ifluatex switch (HO)
Package ifluatex Info: LuaTeX not detected.
))))
("C:\Users\ValkCoen\AppData\Local\Programs\MiKTeX 2.9\tex/generic/oberdiek\pdft
excmds.sty"
Package: pdftexcmds 2018/09/10 v0.29 Utility functions of pdfTeX for LuaTeX (HO
)
Package pdftexcmds Info: LuaTeX not detected.
Package pdftexcmds Info: \pdf@primitive is available.
Package pdftexcmds Info: \pdf@ifprimitive is available.
Package pdftexcmds Info: \pdfdraftmode found.
)
Package epstopdf-base Info: Redefining graphics rule for `.eps' on input line 4
38.
Package grfext Info: Graphics extension search list:
(grfext)             [.pdf,.png,.jpg,.mps,.jpeg,.jbig2,.jb2,.PDF,.PNG,.JPG,.JPE
G,.JBIG2,.JB2,.eps]
(grfext)             \AppendGraphicsExtensions on input line 456.
)
*geometry* driver: auto-detecting
*geometry* detected driver: pdftex
*geometry* verbose mode - [ preamble ] result:
* driver: pdftex
* paper: letterpaper
* layout: <same size as paper>
* layoutoffset:(h,v)=(0.0pt,0.0pt)
* modes: 
* h-part:(L,W,R)=(72.26999pt, 469.75502pt, 72.26999pt)
* v-part:(T,H,B)=(72.26999pt, 650.43001pt, 72.26999pt)
* \paperwidth=614.295pt
* \paperheight=794.96999pt
* \textwidth=469.75502pt
* \textheight=650.43001pt
* \oddsidemargin=0.0pt
* \evensidemargin=0.0pt
* \topmargin=-37.0pt
* \headheight=12.0pt
* \headsep=25.0pt
* \topskip=10.0pt
* \footskip=30.0pt
* \marginparwidth=65.0pt
* \marginparsep=11.0pt
* \columnsep=10.0pt
* \skip\footins=9.0pt plus 4.0pt minus 2.0pt
* \hoffset=0.0pt
* \voffset=0.0pt
* \mag=1000
* \@twocolumnfalse
* \@twosidefalse
* \@mparswitchfalse
* \@reversemarginfalse
* (1in=72.27pt=25.4mm, 1cm=28.453pt)

LaTeX Font Info:    Try loading font information for U+msa on input line 33.

("C:\Users\ValkCoen\AppData\Local\Programs\MiKTeX 2.9\tex/latex/amsfonts\umsa.f
d"
File: umsa.fd 2013/01/14 v3.01 AMS symbols A
)
LaTeX Font Info:    Try loading font information for U+msb on input line 33.

("C:\Users\ValkCoen\AppData\Local\Programs\MiKTeX 2.9\tex/latex/amsfonts\umsb.f
d"
File: umsb.fd 2013/01/14 v3.01 AMS symbols B
) [1

{C:/Users/ValkCoen/AppData/Local/MiKTeX/2.9/pdftex/config/pdftex.map}]
<../results/images/bucketsort_1048576.png, id=12, 180.9159pt x 108.8868pt>
File: ../results/images/bucketsort_1048576.png Graphic file (type png)
<use ../results/images/bucketsort_1048576.png>
Package pdftex.def Info: ../results/images/bucketsort_1048576.png  used on inpu
t line 58.
(pdftex.def)             Requested size: 180.91544pt x 108.8865pt.
<../results/images/bitonicsort_33554432.png, id=14, 180.9159pt x 108.8868pt>
File: ../results/images/bitonicsort_33554432.png Graphic file (type png)
<use ../results/images/bitonicsort_33554432.png>
Package pdftex.def Info: ../results/images/bitonicsort_33554432.png  used on in
put line 64.
(pdftex.def)             Requested size: 180.91544pt x 108.8865pt.
<../results/images/bitonicsort_33554432_log.png, id=15, 180.9159pt x 108.8868pt
>
File: ../results/images/bitonicsort_33554432_log.png Graphic file (type png)
<use ../results/images/bitonicsort_33554432_log.png>
Package pdftex.def Info: ../results/images/bitonicsort_33554432_log.png  used o
n input line 68.
(pdftex.def)             Requested size: 180.91544pt x 108.8865pt.
<../results/images/samplesort_33554432.png, id=16, 181.1568pt x 108.8868pt>
File: ../results/images/samplesort_33554432.png Graphic file (type png)
<use ../results/images/samplesort_33554432.png>
Package pdftex.def Info: ../results/images/samplesort_33554432.png  used on inp
ut line 74.
(pdftex.def)             Requested size: 181.15634pt x 108.8865pt.

[2 <../results/images/bucketsort_1048576.png> <../results/images/bitonicsort_33
554432.png> <../results/images/bitonicsort_33554432_log.png> <../results/images
/samplesort_33554432.png>]
<../results/images/samplesort_512.png, id=24, 181.1568pt x 108.8868pt>
File: ../results/images/samplesort_512.png Graphic file (type png)
<use ../results/images/samplesort_512.png>
Package pdftex.def Info: ../results/images/samplesort_512.png  used on input li
ne 80.
(pdftex.def)             Requested size: 181.15634pt x 108.8865pt.
<../results/images/samplesort_2048.png, id=25, 181.1568pt x 108.8868pt>
File: ../results/images/samplesort_2048.png Graphic file (type png)
<use ../results/images/samplesort_2048.png>
Package pdftex.def Info: ../results/images/samplesort_2048.png  used on input l
ine 84.
(pdftex.def)             Requested size: 181.15634pt x 108.8865pt.
<../results/images/bitonicsort_64.png, id=26, 181.1568pt x 108.8868pt>
File: ../results/images/bitonicsort_64.png Graphic file (type png)
<use ../results/images/bitonicsort_64.png>
Package pdftex.def Info: ../results/images/bitonicsort_64.png  used on input li
ne 90.
(pdftex.def)             Requested size: 181.15634pt x 108.8865pt.
<../results/images/bucketsort_512.png, id=27, 181.1568pt x 108.8868pt>
File: ../results/images/bucketsort_512.png Graphic file (type png)
<use ../results/images/bucketsort_512.png>
Package pdftex.def Info: ../results/images/bucketsort_512.png  used on input li
ne 96.
(pdftex.def)             Requested size: 181.15634pt x 108.8865pt.
 (final_report.bbl [3 <../results/images/samplesort_512.png> <../results/images
/samplesort_2048.png> <../results/images/bitonicsort_64.png> <../results/images
/bucketsort_512.png>]) [4] (final_report.aux) ) 
Here is how much of TeX's memory you used:
 12667 strings out of 492902
 236752 string characters out of 3122405
 416848 words of memory out of 3000000
 16497 multiletter control sequences out of 15000+200000
 536800 words of font info for 41 fonts, out of 3000000 for 9000
 1141 hyphenation exceptions out of 8191
 41i,5n,63p,834b,346s stack positions out of 5000i,500n,10000p,200000b,50000s
<C:/Users/ValkCoen/AppData/Local
/Programs/MiKTeX 2.9/fonts/type1/public/amsfonts/cm/cmbx12.pfb><C:/Users/ValkCo
en/AppData/Local/Programs/MiKTeX 2.9/fonts/type1/public/amsfonts/cm/cmbx9.pfb><
C:/Users/ValkCoen/AppData/Local/Programs/MiKTeX 2.9/fonts/type1/public/amsfonts
/cm/cmcsc10.pfb><C:/Users/ValkCoen/AppData/Local/Programs/MiKTeX 2.9/fonts/type
1/public/amsfonts/cm/cmmi10.pfb><C:/Users/ValkCoen/AppData/Local/Programs/MiKTe
X 2.9/fonts/type1/public/amsfonts/cm/cmr10.pfb><C:/Users/ValkCoen/AppData/Local
/Programs/MiKTeX 2.9/fonts/type1/public/amsfonts/cm/cmr12.pfb><C:/Users/ValkCoe
n/AppData/Local/Programs/MiKTeX 2.9/fonts/type1/public/amsfonts/cm/cmr17.pfb><C
:/Users/ValkCoen/AppData/Local/Programs/MiKTeX 2.9/fonts/type1/public/amsfonts/
cm/cmr7.pfb><C:/Users/ValkCoen/AppData/Local/Programs/MiKTeX 2.9/fonts/type1/pu
blic/amsfonts/cm/cmr9.pfb><C:/Users/ValkCoen/AppData/Local/Programs/MiKTeX 2.9/
fonts/type1/public/amsfonts/cm/cmti10.pfb>
Output written on final_report.pdf (4 pages, 250334 bytes).
PDF statistics:
 72 PDF objects out of 1000 (max. 8388607)
 0 named destinations out of 1000 (max. 500000)
 41 words of extra memory for PDF output out of 10000 (max. 10000000)

